<?xml version="1.0" encoding="utf-8"?><testsuites name="pytest tests"><testsuite name="pytest" errors="0" failures="0" skipped="0" tests="14" time="2.148" timestamp="2026-05-24T14:30:15.712434+00:00" hostname="agent-env-4ae254c9-b065-4560-b8a7-acb7b91a1453"><testcase classname="backend.tests.test_portfolio_api.TestContentEndpoints" name="test_hero_content" time="0.300" /><testcase classname="backend.tests.test_portfolio_api.TestContentEndpoints" name="test_about_content" time="0.104" /><testcase classname="backend.tests.test_portfolio_api.TestContentEndpoints" name="test_resume_content" time="0.109" /><testcase classname="backend.tests.test_portfolio_api.TestContentEndpoints" name="test_wheel_content" time="0.123" /><testcase classname="backend.tests.test_portfolio_api.TestContentEndpoints" name="test_contact_content" time="0.109" /><testcase classname="backend.tests.test_portfolio_api.TestProjects" name="test_get_projects" time="0.110" /><testcase classname="backend.tests.test_portfolio_api.TestGallery" name="test_get_gallery" time="0.103" /><testcase classname="backend.tests.test_portfolio_api.TestWheelSpin" name="test_spin_wheel" time="0.115" /><testcase classname="backend.tests.test_portfolio_api.TestContact" name="test_contact_submit" time="0.395" /><testcase classname="backend.tests.test_portfolio_api.TestContact" name="test_contact_missing_fields" time="0.135" /><testcase classname="backend.tests.test_portfolio_api.TestAuth" name="test_auth_me_with_session" time="0.111" /><testcase classname="backend.tests.test_portfolio_api.TestAuth" name="test_auth_me_no_session" time="0.131" /><testcase classname="backend.tests.test_portfolio_api.TestAuth" name="test_get_contacts_auth" time="0.105" /><testcase classname="backend.tests.test_portfolio_api.TestAuth" name="test_content_update_requires_auth" time="0.104" /></testsuite></testsuites>