<?xml version="1.0" encoding="utf-8"?><testsuites name="pytest tests"><testsuite name="pytest" errors="0" failures="1" skipped="1" tests="10" time="4.206" timestamp="2026-05-24T14:45:30.452062+00:00" hostname="agent-env-4ae254c9-b065-4560-b8a7-acb7b91a1453"><testcase classname="backend.tests.test_new_features.TestFeedbackAPI" name="test_get_feedback" time="0.248" /><testcase classname="backend.tests.test_new_features.TestFeedbackAPI" name="test_post_feedback_valid" time="0.102" /><testcase classname="backend.tests.test_new_features.TestFeedbackAPI" name="test_post_feedback_invalid_rating" time="0.149" /><testcase classname="backend.tests.test_new_features.TestFeedbackAPI" name="test_post_feedback_missing_required" time="0.126" /><testcase classname="backend.tests.test_new_features.TestFeedbackAPI" name="test_delete_feedback_requires_auth" time="0.218" /><testcase classname="backend.tests.test_new_features.TestFeedbackAPI" name="test_delete_feedback_with_auth" time="0.105"><skipped type="pytest.skip" message="Could not create feedback to delete">/app/backend/tests/test_new_features.py:51: Could not create feedback to delete</skipped></testcase><testcase classname="backend.tests.test_new_features.TestRateLimiting" name="test_contact_rate_limit" time="2.291"><failure message="AssertionError: Expected 429 in [200, 200, 200, 200, 200, 200, 200]&#10;assert 429 in [200, 200, 200, 200, 200, 200, ...]">backend/tests/test_new_features.py:72: in test_contact_rate_limit
    assert 429 in responses, f"Expected 429 in {responses}"
E   AssertionError: Expected 429 in [200, 200, 200, 200, 200, 200, 200]
E   assert 429 in [200, 200, 200, 200, 200, 200, ...]</failure></testcase><testcase classname="backend.tests.test_new_features.TestRateLimiting" name="test_feedback_rate_limit" time="0.622" /><testcase classname="backend.tests.test_new_features.TestResumeUpload" name="test_upload_requires_auth" time="0.102" /><testcase classname="backend.tests.test_new_features.TestResumeUpload" name="test_upload_with_auth" time="0.151" /></testsuite></testsuites>